<?xml version="1.0" encoding="UTF-8"?>
<!-- Generated by org.testng.reporters.JUnitXMLReporter -->
<testsuite ignored="0" hostname="BTC-5CG3281T5R" failures="0" tests="3" name="Surefire test" time="15.966" errors="0" timestamp="2026-08-28T13:13:13 MESZ">
  <testcase classname="com.btcag.generated.Test_BBBB_1066" name="testStartseiteBesuchen" time="14.761"/>
  <testcase classname="com.btcag.generated.Test_BBBB_1066" name="testSupportchatAufrufen" time="0.869"/>
  <testcase classname="com.btcag.generated.Test_BBBB_1066" name="testTrailerAufStartseiteAbspielen" time="0.208"/>
</testsuite> <!-- Surefire test -->
