<?xml version="1.0" encoding="UTF-8"?>
<!-- Generated by org.testng.reporters.JUnitXMLReporter -->
<testsuite ignored="0" hostname="BTC-5CG3281T5R" failures="1" tests="1" name="Surefire test" time="19.438" errors="0" timestamp="2026-07-02T11:22:48 MESZ">
  <testcase classname="com.btcag.generated.Test_BBBB_1063" name="testFooterAndImpressum" time="19.347">
    <failure type="java.lang.RuntimeException" message="Schritt fehlgeschlagen: Footer finden">
      <![CDATA[java.lang.RuntimeException: Schritt fehlgeschlagen: Footer finden
at com.btcag.generated.util.AllureUtils.step(AllureUtils.java:17)
at com.btcag.generated.parts.HomePagePart.verifyFooterVisible(HomePagePart.java:22)
at com.btcag.generated.Test_BBBB_1063.testFooterAndImpressum(Test_BBBB_1063.java:16)
at java.base/java.util.ArrayList.forEach(ArrayList.java:1597)
Caused by: java.lang.AssertionError: Footer is not visible on the page.
at com.btcag.generated.parts.HomePagePart.lambda$verifyFooterVisible$1(HomePagePart.java:24)
at com.btcag.generated.util.AllureUtils.step(AllureUtils.java:13)
... 33 more
... Removed 30 stack frames]]>
    </failure>
  </testcase> <!-- testFooterAndImpressum -->
</testsuite> <!-- Surefire test -->
