<?xml version="1.0" encoding="UTF-8"?>
<testng-results ignored="0" total="1" passed="1" failed="0" skipped="0">
  <reporter-output>
  </reporter-output>
  <suite started-at="2026-09-08T00:32:27 MESZ" name="Surefire suite" finished-at="2026-09-08T00:32:42 MESZ" duration-ms="15621">
    <groups>
    </groups>
    <test started-at="2026-09-08T00:32:27 MESZ" name="Surefire test" finished-at="2026-09-08T00:32:42 MESZ" duration-ms="15621">
      <class name="com.btcag.generated.Test_BBBB_1064">
        <test-method signature="testNoLoginButtonAfterCookieRejection()[pri:0, instance:com.btcag.generated.Test_BBBB_1064@53ce1329]" started-at="2026-09-08T00:32:27 MESZ" name="testNoLoginButtonAfterCookieRejection" finished-at="2026-09-08T00:32:42 MESZ" duration-ms="15497" status="PASS">
          <reporter-output>
          </reporter-output>
        </test-method> <!-- testNoLoginButtonAfterCookieRejection -->
      </class> <!-- com.btcag.generated.Test_BBBB_1064 -->
    </test> <!-- Surefire test -->
  </suite> <!-- Surefire suite -->
</testng-results>
