<?xml version="1.0" encoding="UTF-8"?>
<testng-results ignored="0" total="1" passed="1" failed="0" skipped="0">
  <reporter-output>
  </reporter-output>
  <suite started-at="2026-08-28T09:43:43 MESZ" name="Surefire suite" finished-at="2026-08-28T09:44:02 MESZ" duration-ms="18789">
    <groups>
    </groups>
    <test started-at="2026-08-28T09:43:43 MESZ" name="Surefire test" finished-at="2026-08-28T09:44:02 MESZ" duration-ms="18789">
      <class name="com.btcag.generated.Test_BBBB_1065">
        <test-method signature="testFooterAndLegalPages()[pri:0, instance:com.btcag.generated.Test_BBBB_1065@53ce1329]" started-at="2026-08-28T09:43:43 MESZ" name="testFooterAndLegalPages" finished-at="2026-08-28T09:44:02 MESZ" duration-ms="18660" status="PASS">
          <reporter-output>
          </reporter-output>
        </test-method> <!-- testFooterAndLegalPages -->
      </class> <!-- com.btcag.generated.Test_BBBB_1065 -->
    </test> <!-- Surefire test -->
  </suite> <!-- Surefire suite -->
</testng-results>
