<?xml version="1.0" encoding="UTF-8"?>
<testsuite xmlns:xsi="http://www.w3.org/2001/XMLSchema-instance" xsi:noNamespaceSchemaLocation="https://maven.apache.org/surefire/maven-surefire-plugin/xsd/surefire-test-report-3.0.xsd" version="3.0" name="com.btcag.generated.Test_BBBB_1065" time="19.361" tests="1" errors="0" skipped="0" failures="0">
  <properties>
[...]
</properties>
  <testcase name="testFooterAndLegalPages" classname="com.btcag.generated.Test_BBBB_1065" time="18.75">
    <system-out><![CDATA[Simulierter Aufruf mit Allure. Schritt: 'Startseite besuchen'
Schritt 'Startseite besuchen' wurde erfolgreich ausgeführt.
Simulierter Aufruf mit Allure. Schritt: 'Startseite aufgerufen'
Schritt 'Startseite aufgerufen' wurde erfolgreich ausgeführt.
Simulierter Aufruf mit Allure. Schritt: 'Leistungen finden'
Schritt 'Leistungen finden' wurde erfolgreich ausgeführt.
Simulierter Aufruf mit Allure. Schritt: 'Zielgruppe finden'
Schritt 'Zielgruppe finden' wurde erfolgreich ausgeführt.
Simulierter Aufruf mit Allure. Schritt: 'Preise finden'
Schritt 'Preise finden' wurde erfolgreich ausgeführt.
Simulierter Aufruf mit Allure. Schritt: 'Impressum aufrufen'
Schritt 'Impressum aufrufen' wurde erfolgreich ausgeführt.
Simulierter Aufruf mit Allure. Schritt: 'Impressum vorhanden und konform'
Schritt 'Impressum vorhanden und konform' wurde erfolgreich ausgeführt.
Simulierter Aufruf mit Allure. Schritt: 'Datenschutzrichtlinie aufrufen'
Schritt 'Datenschutzrichtlinie aufrufen' wurde erfolgreich ausgeführt.
Simulierter Aufruf mit Allure. Schritt: 'Datenschutzhinweise vorhanden'
Schritt 'Datenschutzhinweise vorhanden' wurde erfolgreich ausgeführt.
]]></system-out>
    <system-err><![CDATA[SLF4J(W): No SLF4J providers were found.
SLF4J(W): Defaulting to no-operation (NOP) logger implementation
SLF4J(W): See https://www.slf4j.org/codes.html#noProviders for further details.
]]></system-err>
  </testcase>
</testsuite>