<?xml version="1.0" encoding="UTF-8"?>
<!-- Generated by org.testng.reporters.JUnitReportReporter -->
<testsuite hostname="BTC-5CG3281T5R" failures="0" tests="3" name="com.btcag.generated.Test_BBBB_1066" time="15.838" errors="0" timestamp="2026-08-28T13:13:13 MESZ" skipped="0">
  <testcase classname="com.btcag.generated.Test_BBBB_1066" name="testSupportchatAufrufen" time="0.869"/>
  <testcase classname="com.btcag.generated.Test_BBBB_1066" name="testStartseiteBesuchen" time="14.761"/>
  <testcase classname="com.btcag.generated.Test_BBBB_1066" name="testTrailerAufStartseiteAbspielen" time="0.208"/>
</testsuite> <!-- com.btcag.generated.Test_BBBB_1066 -->
